<?xml version="1.0" encoding="UTF-8"?>
<testsuite xmlns:xsi="http://www.w3.org/2001/XMLSchema-instance" xsi:noNamespaceSchemaLocation="https://maven.apache.org/surefire/maven-surefire-plugin/xsd/surefire-test-report-3.0.xsd" version="3.0" name="TS_SwagLabs_JUnit" time="21.29" tests="7" errors="1" skipped="1" failures="0">
  <properties>
[...]
</properties>
  <testcase name="tc_swaglabs_locked_out_user" classname="TS_SwagLabs_JUnit" time="0.0">
    <skipped message="Disabled until bug #42 has been resolved"/>
    <system-out><![CDATA[
&amp#27;[38;5;208m================================================================================&amp#27;[0m
&amp#27;[38;5;208mTest Suite: TS_SwagLabs_JUnit - 06/05/2024 02:51:36 PM - Begin&amp#27;[0m
&amp#27;[38;5;208mConfig Version: 1.5 - POM Version: 1.14 - Framework Version: 2.0.17&amp#27;[0m
&amp#27;[38;5;208m--------------------------------------------------------------------------------&amp#27;[0m

&amp#27;[0;90m- - - - - Synchronizing Browser and WebDriver - - - - - Begin
14:51:36.714 [ForkJoinPool-1-worker-1] DEBUG io.github.bonigarcia.wdm.WebDriverManager -- Using WebDriverManager 5.8.0
14:51:36.918 [ForkJoinPool-1-worker-1] DEBUG io.github.bonigarcia.wdm.cache.ResolutionCache -- Resolution chrome=125 in cache (valid until 15:06:48 05/06/2024 CAT)
14:51:36.919 [ForkJoinPool-1-worker-1] DEBUG io.github.bonigarcia.wdm.cache.ResolutionCache -- Resolution chrome125=125.0.6422.141 in cache (valid until 14:06:48 06/06/2024 CAT)
14:51:36.920 [ForkJoinPool-1-worker-1] INFO io.github.bonigarcia.wdm.WebDriverManager -- Using chromedriver 125.0.6422.141 (resolved driver for Chrome 125)
14:51:36.937 [ForkJoinPool-1-worker-1] DEBUG io.github.bonigarcia.wdm.WebDriverManager -- Driver chromedriver 125.0.6422.141 found in cache
14:51:36.938 [ForkJoinPool-1-worker-1] INFO io.github.bonigarcia.wdm.WebDriverManager -- Exporting webdriver.chrome.driver as /Users/niyomubyeyialine/.cache/selenium/chromedriver/mac-arm64/125.0.6422.141/chromedriver
&amp#27;[0;90m- - - - - Synchronizing Browser and WebDriver - - - - - End&amp#27;[0m



&amp#27;[0;34m - - - - Test Case: TC - SwagLabs - Missing Username and Password - 06/05/2024 02:51:42 PM - Begin - - -&amp#27;[0m
&amp#27;[0;34m - - - - Test Case: TC - SwagLabs - Basic Functionality - 06/05/2024 02:51:42 PM - Begin - - -&amp#27;[0m
&amp#27;[0;34m - - - - Test Case: TC - SwagLabs - Missing Password - Repetition 1 of 3 - 06/05/2024 02:51:42 PM - Begin - - -&amp#27;[0m
]]></system-out>
    <system-err><![CDATA[Jun 05, 2024 2:51:36 PM org.junit.jupiter.engine.discovery.MethodSelectorResolver resolve
WARNING: Possible configuration error: method [public void TS_SwagLabs_JUnit.tc_swaglabs_missing_password()] resulted in multiple TestDescriptors [org.junit.jupiter.engine.descriptor.TestMethodTestDescriptor, org.junit.jupiter.engine.descriptor.TestTemplateTestDescriptor]. This is typically the result of annotating a method with multiple competing annotations such as @Test, @RepeatedTest, @ParameterizedTest, @TestFactory, etc.
Jun 05, 2024 2:51:36 PM org.junit.jupiter.engine.discovery.MethodSelectorResolver resolve
WARNING: Possible configuration error: method [public void TS_SwagLabs_JUnit.tc_swaglabs_missing_password()] resulted in multiple TestDescriptors [org.junit.jupiter.engine.descriptor.TestMethodTestDescriptor, org.junit.jupiter.engine.descriptor.TestTemplateTestDescriptor]. This is typically the result of annotating a method with multiple competing annotations such as @Test, @RepeatedTest, @ParameterizedTest, @TestFactory, etc.
]]></system-err>
  </testcase>
  <testcase name="tc_swaglabs_missing_username_and_password" classname="TS_SwagLabs_JUnit" time="3.498">
    <system-out><![CDATA[
&amp#27;[0;34m - - - - Test Case: TC - SwagLabs - Missing Password - 06/05/2024 02:51:42 PM - Begin - - -&amp#27;[0m

&amp#27;[0;34m - - - - Test Case: TC - SwagLabs - Missing Password - Repetition 2 of 3 - 06/05/2024 02:51:42 PM - Begin - - -&amp#27;[0m

&amp#27;[0;34m - - - - Test Case: TC - SwagLabs - Missing Password - Repetition 3 of 3 - 06/05/2024 02:51:42 PM - Begin - - -&amp#27;[0m
&amp#27;[0;32m[Pass] - Navigated to URL: 'https://www.saucedemo.com/v1/'.&amp#27;[0m
&amp#27;[0;32m[Pass] - Navigated to URL: 'https://www.saucedemo.com/v1/'.&amp#27;[0m
&amp#27;[0;32m[Pass] - Navigated to URL: 'https://www.saucedemo.com/v1/'.&amp#27;[0m
&amp#27;[0;32m[Pass] - PO_Login - Validated locator: '//input[@id='user-name']' exists.&amp#27;[0m
&amp#27;[0;32m[Pass] - PO_Login - Validated locator: '//input[@id='user-name']' exists.&amp#27;[0m
&amp#27;[0;32m[Pass] - PO_Login - Validated locator: '//input[@id='user-name']' exists.&amp#27;[0m
&amp#27;[0;32m[Pass] - Navigated to URL: 'https://www.saucedemo.com/v1/'.&amp#27;[0m
&amp#27;[0;32m[Pass] - Navigated to URL: 'https://www.saucedemo.com/v1/'.&amp#27;[0m
&amp#27;[0;32m[Pass] - Navigated to URL: 'https://www.saucedemo.com/v1/'.&amp#27;[0m
&amp#27;[0;32m[Pass] - PO_Login - Successfully entered '' into locator: '//input[@id='user-name']'.&amp#27;[0m
&amp#27;[0;32m[Pass] - PO_Login - Validated locator: '//input[@id='user-name']' exists.&amp#27;[0m
&amp#27;[0;32m[Pass] - PO_Login - Validated locator: '//input[@id='user-name']' exists.&amp#27;[0m
&amp#27;[38;5;94m[Screenshot] - Login_Before_1717591904981.png&amp#27;[0m
&amp#27;[0;32m[Pass] - PO_Login - Validated locator: '//input[@id='user-name']' exists.&amp#27;[0m
&amp#27;[0;32m[Pass] - PO_Login - Successfully entered '' into locator: '//input[@id='password']'.&amp#27;[0m
&amp#27;[0;32m[Pass] - PO_Login - Successfully entered 'standard_user' into locator: '//input[@id='user-name']'.&amp#27;[0m
&amp#27;[0;32m[Pass] - PO_Login - Clicked locator: '//input[@id='login-button']'.&amp#27;[0m
&amp#27;[0;32m[Pass] - PO_Login - Successfully entered '' into locator: '//input[@id='password']'.&amp#27;[0m
&amp#27;[0;32m[Pass] - PO_Login - Successfully entered 'standard_user' into locator: '//input[@id='user-name']'.&amp#27;[0m
&amp#27;[0;32m[Pass] - PO_Login - Successfully entered 'standard_user' into locator: '//input[@id='user-name']'.&amp#27;[0m
&amp#27;[0;32m[Pass] - PO_Login - Successfully entered 'standard_user' into locator: '//input[@id='user-name']'.&amp#27;[0m
&amp#27;[38;5;94m[Trim Image] - Original: 1200x808 --> Trimmed: 784x631 --> Saved: 49.0%&amp#27;[0m
&amp#27;[0;32m[Pass] - PO_Login - Clicked locator: '//input[@id='login-button']'.&amp#27;[0m
&amp#27;[0;32m[Pass] - PO_Login - Successfully entered '' into locator: '//input[@id='password']'.&amp#27;[0m
&amp#27;[0;32m[Pass] - PO_Login - Successfully entered '' into locator: '//input[@id='password']'.&amp#27;[0m
&amp#27;[0;32m[Pass] - PO_Login - Successfully entered '' into locator: '//input[@id='password']'.&amp#27;[0m
&amp#27;[0;32m[Pass] - PO_Login - 'Epic sadface: Username is required' found within text at locator: '//h3[@data-test='error']' in 0 seconds.
Entire text found: 'Epic sadface: Username is required'.&amp#27;[0m
&amp#27;[0;34m - - - - Test Case: TC - SwagLabs - Missing Username and Password - 06/05/2024 02:51:45 PM - End - - - -&amp#27;[0m
&amp#27;[0;32m[Pass] - PO_Login - Clicked locator: '//input[@id='login-button']'.&amp#27;[0m
&amp#27;[0;32m[Pass] - PO_Login - Clicked locator: '//input[@id='login-button']'.&amp#27;[0m
&amp#27;[0;32m[Pass] - PO_Login - Clicked locator: '//input[@id='login-button']'.&amp#27;[0m
&amp#27;[0;32m[Pass] - PO_Login - Successfully entered 'standard_user' into locator: '//input[@id='user-name']'.&amp#27;[0m
&amp#27;[0;32m[Pass] - PO_Login - 'Epic sadface: Password is required' found within text at locator: '//h3[@data-test='error']' in 0 seconds.
Entire text found: 'Epic sadface: Password is required'.&amp#27;[0m
&amp#27;[0;34m - - - - Test Case: TC - SwagLabs - Missing Password - Repetition 2 of 3 - 06/05/2024 02:51:45 PM - End - - - -&amp#27;[0m
]]></system-out>
    <system-err><![CDATA[Jun 05, 2024 2:51:44 PM org.openqa.selenium.devtools.CdpVersionFinder findNearestMatch
WARNING: Unable to find an exact match for CDP version 125, returning the closest version; found: 123; Please update to a Selenium version that supports CDP version 125
Jun 05, 2024 2:51:44 PM org.openqa.selenium.devtools.CdpVersionFinder findNearestMatch
WARNING: Unable to find an exact match for CDP version 125, returning the closest version; found: 123; Please update to a Selenium version that supports CDP version 125
Jun 05, 2024 2:51:44 PM org.openqa.selenium.devtools.CdpVersionFinder findNearestMatch
WARNING: Unable to find an exact match for CDP version 125, returning the closest version; found: 123; Please update to a Selenium version that supports CDP version 125
Jun 05, 2024 2:51:44 PM org.openqa.selenium.devtools.CdpVersionFinder findNearestMatch
WARNING: Unable to find an exact match for CDP version 125, returning the closest version; found: 123; Please update to a Selenium version that supports CDP version 125
Jun 05, 2024 2:51:44 PM org.openqa.selenium.devtools.CdpVersionFinder findNearestMatch
WARNING: Unable to find an exact match for CDP version 125, returning the closest version; found: 123; Please update to a Selenium version that supports CDP version 125
Jun 05, 2024 2:51:44 PM org.openqa.selenium.devtools.CdpVersionFinder findNearestMatch
WARNING: Unable to find an exact match for CDP version 125, returning the closest version; found: 123; Please update to a Selenium version that supports CDP version 125
]]></system-err>
  </testcase>
  <testcase name="tc_swaglabs_missing_password" classname="TS_SwagLabs_JUnit" time="3.394">
    <system-out><![CDATA[&amp#27;[0;32m[Pass] - PO_Login - 'Epic sadface: Password is required' found within text at locator: '//h3[@data-test='error']' in 0 seconds.
Entire text found: 'Epic sadface: Password is required'.&amp#27;[0m
&amp#27;[0;34m - - - - Test Case: TC - SwagLabs - Missing Password - Repetition 1 of 3 - 06/05/2024 02:51:45 PM - End - - - -&amp#27;[0m
&amp#27;[0;32m[Pass] - PO_Login - 'Epic sadface: Password is required' found within text at locator: '//h3[@data-test='error']' in 0 seconds.
Entire text found: 'Epic sadface: Password is required'.&amp#27;[0m
&amp#27;[0;34m - - - - Test Case: TC - SwagLabs - Missing Password - Repetition 3 of 3 - 06/05/2024 02:51:45 PM - End - - - -&amp#27;[0m
&amp#27;[0;32m[Pass] - PO_Login - Successfully entered 'secret_sauce' into locator: '//input[@id='password']'.&amp#27;[0m
&amp#27;[0;32m[Pass] - PO_Login - 'Epic sadface: Password is required' found within text at locator: '//h3[@data-test='error']' in 0 seconds.
Entire text found: 'Epic sadface: Password is required'.&amp#27;[0m
&amp#27;[0;34m - - - - Test Case: TC - SwagLabs - Missing Password - 06/05/2024 02:51:45 PM - End - - - -&amp#27;[0m
]]></system-out>
  </testcase>
  <testcase name="tc_swaglabs_missing_password" classname="TS_SwagLabs_JUnit" time="3.607">
    <system-out><![CDATA[&amp#27;[38;5;94m[Screenshot] - Login_After_1717591905529.png&amp#27;[0m
]]></system-out>
  </testcase>
  <testcase name="tc_swaglabs_missing_password" classname="TS_SwagLabs_JUnit" time="3.464"/>
  <testcase name="tc_swaglabs_missing_password" classname="TS_SwagLabs_JUnit" time="3.567"/>
  <testcase name="tc_swaglabs_basics" classname="TS_SwagLabs_JUnit" time="15.938">
    <error message="no such window: target window already closed&#10;from unknown error: web view not found&#10;  (Session info: chrome=125.0.6422.142)&#10;Build info: version: &apos;4.19.1&apos;, revision: &apos;abe0ee07dc&apos;&#10;System info: os.name: &apos;Mac OS X&apos;, os.arch: &apos;aarch64&apos;, os.version: &apos;14.4.1&apos;, java.version: &apos;21.0.3&apos;&#10;Driver info: org.openqa.selenium.chrome.ChromeDriver&#10;Command: [f272a917b333adb85ec0b69b44eda28b, screenshot {}]&#10;Capabilities {acceptInsecureCerts: false, browserName: chrome, browserVersion: 125.0.6422.142, chrome: {chromedriverVersion: 125.0.6422.141 (4b1e8393712..., userDataDir: /var/folders/lp/k165811579l...}, fedcm:accounts: true, goog:chromeOptions: {debuggerAddress: localhost:52300}, networkConnectionEnabled: false, pageLoadStrategy: normal, platformName: mac, proxy: Proxy(), se:cdp: ws://localhost:52300/devtoo..., se:cdpVersion: 125.0.6422.142, setWindowRect: true, strictFileInteractability: false, timeouts: {implicit: 0, pageLoad: 300000, script: 30000}, unhandledPromptBehavior: dismiss and notify, webauthn:extension:credBlob: true, webauthn:extension:largeBlob: true, webauthn:extension:minPinLength: true, webauthn:extension:prf: true, webauthn:virtualAuthenticators: true}&#10;Session ID: f272a917b333adb85ec0b69b44eda28b" type="org.openqa.selenium.NoSuchWindowException"><![CDATA[org.openqa.selenium.NoSuchWindowException: 
no such window: target window already closed
from unknown error: web view not found
  (Session info: chrome=125.0.6422.142)
Build info: version: '4.19.1', revision: 'abe0ee07dc'
System info: os.name: 'Mac OS X', os.arch: 'aarch64', os.version: '14.4.1', java.version: '21.0.3'
Driver info: org.openqa.selenium.chrome.ChromeDriver
Command: [f272a917b333adb85ec0b69b44eda28b, screenshot {}]
Capabilities {acceptInsecureCerts: false, browserName: chrome, browserVersion: 125.0.6422.142, chrome: {chromedriverVersion: 125.0.6422.141 (4b1e8393712..., userDataDir: /var/folders/lp/k165811579l...}, fedcm:accounts: true, goog:chromeOptions: {debuggerAddress: localhost:52300}, networkConnectionEnabled: false, pageLoadStrategy: normal, platformName: mac, proxy: Proxy(), se:cdp: ws://localhost:52300/devtoo..., se:cdpVersion: 125.0.6422.142, setWindowRect: true, strictFileInteractability: false, timeouts: {implicit: 0, pageLoad: 300000, script: 30000}, unhandledPromptBehavior: dismiss and notify, webauthn:extension:credBlob: true, webauthn:extension:largeBlob: true, webauthn:extension:minPinLength: true, webauthn:extension:prf: true, webauthn:virtualAuthenticators: true}
Session ID: f272a917b333adb85ec0b69b44eda28b
	at TS_SwagLabs_JUnit.tc_swaglabs_basics(TS_SwagLabs_JUnit.java:125)
]]></error>
    <system-out><![CDATA[&amp#27;[38;5;94m[Trim Image] - Original: 1200x808 --> Trimmed: 784x631 --> Saved: 49.0%&amp#27;[0m
&amp#27;[0;32m[Pass] - PO_Login - Clicked locator: '//input[@id='login-button']'.&amp#27;[0m
&amp#27;[0;31m[Fail] - PO_Login - Validated locator: '//input[@id='user-name']' does not exist.&amp#27;[0m
&amp#27;[0;34m - - - - Test Case: TC - SwagLabs - Basic Functionality - 06/05/2024 02:51:57 PM - End - - - -&amp#27;[0m
]]></system-out>
  </testcase>
</testsuite>